<?xml version="1.0" encoding="UTF-8"?>
<!-- Generated by org.testng.reporters.JUnitXMLReporter -->
<testsuite hostname="w7mrangnathan" name="ChromeTest" tests="6" failures="0" timestamp="9 Dec 2014 05:43:55 GMT" time="34.808" errors="0">
  <testcase name="loginlink" time="7.145" classname="com.obj.TestScript.TestScript"/>
  <testcase name="LoginInput" time="2.187" classname="com.obj.TestScript.TestScript"/>
  <testcase name="PasswordInput" time="2.124" classname="com.obj.TestScript.TestScript"/>
  <testcase name="Loginclick" time="5.045" classname="com.obj.TestScript.TestScript"/>
  <testcase name="Elipse" time="3.097" classname="com.obj.TestScript.TestScript"/>
  <testcase name="LoggingOut" time="5.024" classname="com.obj.TestScript.TestScript"/>
</testsuite> <!-- ChromeTest -->
