<?xml version="1.0" encoding="UTF-8"?>
<!-- Generated by org.testng.reporters.JUnitXMLReporter -->
<testsuite hostname="w7mrangnathan" name="FirefoxTest" tests="6" failures="1" timestamp="9 Dec 2014 05:44:08 GMT" time="47.656" errors="0">
  <testcase name="loginlink" time="6.032" classname="com.obj.TestScript.TestScript"/>
  <testcase name="LoginInput" time="2.096" classname="com.obj.TestScript.TestScript"/>
  <testcase name="PasswordInput" time="2.09" classname="com.obj.TestScript.TestScript"/>
  <testcase name="Loginclick" time="6.933" classname="com.obj.TestScript.TestScript"/>
  <testcase name="Elipse" time="9.33" classname="com.obj.TestScript.TestScript"/>
  <testcase name="LoggingOut" time="10.251" classname="com.obj.TestScript.TestScript">
    <failure type="org.openqa.selenium.NoSuchElementException" message="Unable to locate element: {&amp;quot;method&amp;quot;:&amp;quot;xpath&amp;quot;,&amp;quot;selector&amp;quot;:&amp;quot;/html/body/header/div[2]/div[4]/ul[2]/li[3]/ul/li[9]/a&amp;quot;}
For documentation on this error, please visit: http://seleniumhq.org/exceptions/no_such_element.html
Build info: version: &amp;apos;2.44.0&amp;apos;, revision: &amp;apos;76d78cf&amp;apos;, time: &amp;apos;2014-10-23 20:02:37&amp;apos;
System info: host: &amp;apos;w7mrangnathan&amp;apos;, ip: &amp;apos;10.98.5.55&amp;apos;, os.name: &amp;apos;Windows 7&amp;apos;, os.arch: &amp;apos;amd64&amp;apos;, os.version: &amp;apos;6.1&amp;apos;, java.version: &amp;apos;1.8.0_05&amp;apos;
Driver info: driver.version: unknown
Command duration or timeout: 10.25 seconds
For documentation on this error, please visit: http://seleniumhq.org/exceptions/no_such_element.html
Build info: version: &amp;apos;2.42.2&amp;apos;, revision: &amp;apos;6a6995d&amp;apos;, time: &amp;apos;2014-06-03 17:42:30&amp;apos;
System info: host: &amp;apos;w7mrangnathan&amp;apos;, ip: &amp;apos;10.98.5.55&amp;apos;, os.name: &amp;apos;Windows 7&amp;apos;, os.arch: &amp;apos;amd64&amp;apos;, os.version: &amp;apos;6.1&amp;apos;, java.version: &amp;apos;1.8.0_05&amp;apos;
Driver info: org.openqa.selenium.remote.RemoteWebDriver
Capabilities [{applicationCacheEnabled=true, rotatable=false, handlesAlerts=true, databaseEnabled=true, version=29.0, platform=WINDOWS, browserConnectionEnabled=true, nativeEvents=false, acceptSslCerts=true, webdriver.remote.sessionid=a81142af-2acd-47da-b61e-31853db05ae1, webStorageEnabled=true, locationContextEnabled=true, browserName=firefox, takesScreenshot=true, javascriptEnabled=true, cssSelectorsEnabled=true}]
Session ID: a81142af-2acd-47da-b61e-31853db05ae1">
      <![CDATA[org.openqa.selenium.NoSuchElementException: Unable to locate element: {"method":"xpath","selector":"/html/body/header/div[2]/div[4]/ul[2]/li[3]/ul/li[9]/a"}
For documentation on this error, please visit: http://seleniumhq.org/exceptions/no_such_element.html
Build info: version: '2.44.0', revision: '76d78cf', time: '2014-10-23 20:02:37'
System info: host: 'w7mrangnathan', ip: '10.98.5.55', os.name: 'Windows 7', os.arch: 'amd64', os.version: '6.1', java.version: '1.8.0_05'
Driver info: driver.version: unknown
Command duration or timeout: 10.25 seconds
For documentation on this error, please visit: http://seleniumhq.org/exceptions/no_such_element.html
Build info: version: '2.42.2', revision: '6a6995d', time: '2014-06-03 17:42:30'
System info: host: 'w7mrangnathan', ip: '10.98.5.55', os.name: 'Windows 7', os.arch: 'amd64', os.version: '6.1', java.version: '1.8.0_05'
Driver info: org.openqa.selenium.remote.RemoteWebDriver
Capabilities [{applicationCacheEnabled=true, rotatable=false, handlesAlerts=true, databaseEnabled=true, version=29.0, platform=WINDOWS, browserConnectionEnabled=true, nativeEvents=false, acceptSslCerts=true, webdriver.remote.sessionid=a81142af-2acd-47da-b61e-31853db05ae1, webStorageEnabled=true, locationContextEnabled=true, browserName=firefox, takesScreenshot=true, javascriptEnabled=true, cssSelectorsEnabled=true}]
Session ID: a81142af-2acd-47da-b61e-31853db05ae1
	at org.openqa.selenium.remote.ErrorHandler.createThrowable(ErrorHandler.java:204)
	at org.openqa.selenium.remote.ErrorHandler.throwIfResponseFailed(ErrorHandler.java:156)
	at org.openqa.selenium.remote.RemoteWebDriver.execute(RemoteWebDriver.java:599)
	at org.openqa.selenium.remote.RemoteWebDriver.findElement(RemoteWebDriver.java:352)
	at org.openqa.selenium.remote.RemoteWebDriver.findElementByXPath(RemoteWebDriver.java:449)
	at org.openqa.selenium.By$ByXPath.findElement(By.java:357)
	at org.openqa.selenium.remote.RemoteWebDriver.findElement(RemoteWebDriver.java:344)
	at org.openqa.selenium.support.pagefactory.DefaultElementLocator.findElement(DefaultElementLocator.java:59)
	at org.openqa.selenium.support.pagefactory.internal.LocatingElementHandler.invoke(LocatingElementHandler.java:34)
	at com.sun.proxy.$Proxy8.click(Unknown Source)
	at com.obj.login.Login.Logout(Login.java:64)
	at com.obj.TestScript.TestScript.LoggingOut(TestScript.java:73)
	at java.util.concurrent.FutureTask.run(FutureTask.java:266)
	at java.util.concurrent.ThreadPoolExecutor.runWorker(ThreadPoolExecutor.java:1142)
	at java.util.concurrent.ThreadPoolExecutor$Worker.run(ThreadPoolExecutor.java:617)
	at java.lang.Thread.run(Thread.java:745)
Caused by: org.openqa.selenium.remote.ScreenshotException: Screen shot has been taken
Build info: version: '2.42.2', revision: '6a6995d', time: '2014-06-03 17:42:30'
System info: host: 'w7mrangnathan', ip: '10.98.5.55', os.name: 'Windows 7', os.arch: 'amd64', os.version: '6.1', java.version: '1.8.0_05'
Driver info: driver.version: RemoteWebDriver
	at org.openqa.selenium.remote.ErrorHandler.throwIfResponseFailed(ErrorHandler.java:136)
	... 30 more
Caused by: org.openqa.selenium.NoSuchElementException: Unable to locate element: {"method":"xpath","selector":"/html/body/header/div[2]/div[4]/ul[2]/li[3]/ul/li[9]/a"}
For documentation on this error, please visit: http://seleniumhq.org/exceptions/no_such_element.html
Build info: version: '2.44.0', revision: '76d78cf', time: '2014-10-23 20:02:37'
System info: host: 'w7mrangnathan', ip: '10.98.5.55', os.name: 'Windows 7', os.arch: 'amd64', os.version: '6.1', java.version: '1.8.0_05'
Driver info: driver.version: unknown
For documentation on this error, please visit: http://seleniumhq.org/exceptions/no_such_element.html
Build info: version: '2.42.2', revision: '6a6995d', time: '2014-06-03 17:42:30'
System info: host: 'w7mrangnathan', ip: '10.98.5.55', os.name: 'Windows 7', os.arch: 'amd64', os.version: '6.1', java.version: '1.8.0_05'
Driver info: driver.version: unknown
	at <anonymous class>.FirefoxDriver.prototype.findElementInternal_(file:///C:/Users/MRANGA~1/AppData/Local/Temp/anonymous3671517802929701491webdriver-profile/extensions/fxdriver@googlecode.com/components/driver-component.js:9641)
	at <anonymous class>.fxdriver.Timer.prototype.setTimeout/<.notify(file:///C:/Users/MRANGA~1/AppData/Local/Temp/anonymous3671517802929701491webdriver-profile/extensions/fxdriver@googlecode.com/components/driver-component.js:548)
... Removed 20 stack frames]]>
    </failure>
  </testcase> <!-- LoggingOut -->
</testsuite> <!-- FirefoxTest -->
